2024-04-01T16:13:31.749+08:00  INFO 27328 --- [main] top.xiufenghuang.MpApplication           : Starting MpApplication using Java 17.0.3 with PID 27328 (D:\BaiduNetdiskDownload\spring-boot-study\spring-boot-log\target\classes started by hxf13 in D:\BaiduNetdiskDownload\spring-boot-study)
2024-04-01T16:13:31.751+08:00  INFO 27328 --- [main] top.xiufenghuang.MpApplication           : No active profile set, falling back to 1 default profile: "default"
2024-04-01T16:13:32.521+08:00  INFO 27328 --- [main] o.s.b.w.embedded.tomcat.TomcatWebServer  : Tomcat initialized with port 8080 (http)
2024-04-01T16:13:32.532+08:00  INFO 27328 --- [main] o.apache.catalina.core.StandardService   : Starting service [Tomcat]
2024-04-01T16:13:32.533+08:00  INFO 27328 --- [main] o.apache.catalina.core.StandardEngine    : Starting Servlet engine: [Apache Tomcat/10.1.19]
2024-04-01T16:13:32.600+08:00  INFO 27328 --- [main] o.a.c.c.C.[Tomcat].[localhost].[/]       : Initializing Spring embedded WebApplicationContext
2024-04-01T16:13:32.601+08:00  INFO 27328 --- [main] w.s.c.ServletWebServerApplicationContext : Root WebApplicationContext: initialization completed in 806 ms
2024-04-01T16:13:32.900+08:00  WARN 27328 --- [main] o.s.b.a.f.FreeMarkerAutoConfiguration    : Cannot find template location(s): [classpath:/templates/] (please add some templates, check your FreeMarker configuration, or set spring.freemarker.check-template-location=false)
2024-04-01T16:13:32.938+08:00  INFO 27328 --- [main] o.s.b.w.embedded.tomcat.TomcatWebServer  : Tomcat started on port 8080 (http) with context path ''
2024-04-01T16:13:32.947+08:00  INFO 27328 --- [main] top.xiufenghuang.MpApplication           : Started MpApplication in 1.669 seconds (process running for 2.421)
2024-04-01T16:13:44.889+08:00  INFO 27328 --- [http-nio-8080-exec-1] o.a.c.c.C.[Tomcat].[localhost].[/]       : Initializing Spring DispatcherServlet 'dispatcherServlet'
2024-04-01T16:13:44.889+08:00  INFO 27328 --- [http-nio-8080-exec-1] o.s.web.servlet.DispatcherServlet        : Initializing Servlet 'dispatcherServlet'
2024-04-01T16:13:44.890+08:00  INFO 27328 --- [http-nio-8080-exec-1] o.s.web.servlet.DispatcherServlet        : Completed initialization in 1 ms
2024-04-01T16:13:44.910+08:00 DEBUG 27328 --- [http-nio-8080-exec-1] t.xiufenghuang.controller.LogController  : debug 日志
2024-04-01T16:15:06.275+08:00 DEBUG 27328 --- [http-nio-8080-exec-4] t.xiufenghuang.controller.LogController  : debug 日志
2024-04-01T16:24:28.027+08:00  INFO 10048 --- [main] top.xiufenghuang.MpApplication           : Starting MpApplication using Java 17.0.3 with PID 10048 (D:\BaiduNetdiskDownload\spring-boot-study\spring-boot-log\target\classes started by hxf13 in D:\BaiduNetdiskDownload\spring-boot-study)
2024-04-01T16:24:28.029+08:00  INFO 10048 --- [main] top.xiufenghuang.MpApplication           : No active profile set, falling back to 1 default profile: "default"
2024-04-01T16:24:28.766+08:00  INFO 10048 --- [main] o.s.b.w.embedded.tomcat.TomcatWebServer  : Tomcat initialized with port 8080 (http)
2024-04-01T16:24:28.775+08:00  INFO 10048 --- [main] o.apache.catalina.core.StandardService   : Starting service [Tomcat]
2024-04-01T16:24:28.775+08:00  INFO 10048 --- [main] o.apache.catalina.core.StandardEngine    : Starting Servlet engine: [Apache Tomcat/10.1.19]
2024-04-01T16:24:28.829+08:00  INFO 10048 --- [main] o.a.c.c.C.[Tomcat].[localhost].[/]       : Initializing Spring embedded WebApplicationContext
2024-04-01T16:24:28.829+08:00  INFO 10048 --- [main] w.s.c.ServletWebServerApplicationContext : Root WebApplicationContext: initialization completed in 766 ms
2024-04-01T16:24:29.108+08:00  WARN 10048 --- [main] o.s.b.a.f.FreeMarkerAutoConfiguration    : Cannot find template location(s): [classpath:/templates/] (please add some templates, check your FreeMarker configuration, or set spring.freemarker.check-template-location=false)
2024-04-01T16:24:29.145+08:00  INFO 10048 --- [main] o.s.b.w.embedded.tomcat.TomcatWebServer  : Tomcat started on port 8080 (http) with context path ''
2024-04-01T16:24:29.152+08:00  INFO 10048 --- [main] top.xiufenghuang.MpApplication           : Started MpApplication in 1.565 seconds (process running for 2.185)
2024-04-01T16:24:31.093+08:00  INFO 10048 --- [http-nio-8080-exec-1] o.a.c.c.C.[Tomcat].[localhost].[/]       : Initializing Spring DispatcherServlet 'dispatcherServlet'
2024-04-01T16:24:31.093+08:00  INFO 10048 --- [http-nio-8080-exec-1] o.s.web.servlet.DispatcherServlet        : Initializing Servlet 'dispatcherServlet'
2024-04-01T16:24:31.094+08:00  INFO 10048 --- [http-nio-8080-exec-1] o.s.web.servlet.DispatcherServlet        : Completed initialization in 1 ms
2024-04-01T16:24:31.113+08:00 DEBUG 10048 --- [http-nio-8080-exec-1] t.xiufenghuang.controller.LogController  : debug 日志
2024-04-01T16:33:23.916+08:00  INFO 24716 --- [main] top.xiufenghuang.MpApplication           : Starting MpApplication using Java 17.0.3 with PID 24716 (D:\BaiduNetdiskDownload\spring-boot-study\spring-boot-log\target\classes started by hxf13 in D:\BaiduNetdiskDownload\spring-boot-study)
2024-04-01T16:33:23.918+08:00  INFO 24716 --- [main] top.xiufenghuang.MpApplication           : No active profile set, falling back to 1 default profile: "default"
2024-04-01T16:33:24.603+08:00  INFO 24716 --- [main] o.s.b.w.embedded.tomcat.TomcatWebServer  : Tomcat initialized with port 8080 (http)
2024-04-01T16:33:24.613+08:00  INFO 24716 --- [main] o.apache.catalina.core.StandardService   : Starting service [Tomcat]
2024-04-01T16:33:24.613+08:00  INFO 24716 --- [main] o.apache.catalina.core.StandardEngine    : Starting Servlet engine: [Apache Tomcat/10.1.19]
2024-04-01T16:33:24.675+08:00  INFO 24716 --- [main] o.a.c.c.C.[Tomcat].[localhost].[/]       : Initializing Spring embedded WebApplicationContext
2024-04-01T16:33:24.676+08:00  INFO 24716 --- [main] w.s.c.ServletWebServerApplicationContext : Root WebApplicationContext: initialization completed in 717 ms
2024-04-01T16:33:24.945+08:00  WARN 24716 --- [main] o.s.b.a.f.FreeMarkerAutoConfiguration    : Cannot find template location(s): [classpath:/templates/] (please add some templates, check your FreeMarker configuration, or set spring.freemarker.check-template-location=false)
2024-04-01T16:33:24.981+08:00  INFO 24716 --- [main] o.s.b.w.embedded.tomcat.TomcatWebServer  : Tomcat started on port 8080 (http) with context path ''
2024-04-01T16:33:24.988+08:00  INFO 24716 --- [main] top.xiufenghuang.MpApplication           : Started MpApplication in 1.511 seconds (process running for 2.063)
2024-04-01T16:33:29.917+08:00  INFO 24716 --- [http-nio-8080-exec-1] o.a.c.c.C.[Tomcat].[localhost].[/]       : Initializing Spring DispatcherServlet 'dispatcherServlet'
2024-04-01T16:33:29.918+08:00  INFO 24716 --- [http-nio-8080-exec-1] o.s.web.servlet.DispatcherServlet        : Initializing Servlet 'dispatcherServlet'
2024-04-01T16:33:29.919+08:00  INFO 24716 --- [http-nio-8080-exec-1] o.s.web.servlet.DispatcherServlet        : Completed initialization in 1 ms
2024-04-01T16:33:29.940+08:00 DEBUG 24716 --- [http-nio-8080-exec-1] t.xiufenghuang.controller.LogController  : debug 日志
2024-04-01T16:33:59.571+08:00  INFO 14312 --- [main] top.xiufenghuang.MpApplication           : Starting MpApplication using Java 17.0.3 with PID 14312 (D:\BaiduNetdiskDownload\spring-boot-study\spring-boot-log\target\classes started by hxf13 in D:\BaiduNetdiskDownload\spring-boot-study)
2024-04-01T16:33:59.574+08:00  INFO 14312 --- [main] top.xiufenghuang.MpApplication           : No active profile set, falling back to 1 default profile: "default"
2024-04-01T16:34:00.311+08:00  INFO 14312 --- [main] o.s.b.w.embedded.tomcat.TomcatWebServer  : Tomcat initialized with port 8080 (http)
2024-04-01T16:34:00.320+08:00  INFO 14312 --- [main] o.apache.catalina.core.StandardService   : Starting service [Tomcat]
2024-04-01T16:34:00.320+08:00  INFO 14312 --- [main] o.apache.catalina.core.StandardEngine    : Starting Servlet engine: [Apache Tomcat/10.1.19]
2024-04-01T16:34:00.377+08:00  INFO 14312 --- [main] o.a.c.c.C.[Tomcat].[localhost].[/]       : Initializing Spring embedded WebApplicationContext
2024-04-01T16:34:00.378+08:00  INFO 14312 --- [main] w.s.c.ServletWebServerApplicationContext : Root WebApplicationContext: initialization completed in 752 ms
2024-04-01T16:34:00.651+08:00  WARN 14312 --- [main] o.s.b.a.f.FreeMarkerAutoConfiguration    : Cannot find template location(s): [classpath:/templates/] (please add some templates, check your FreeMarker configuration, or set spring.freemarker.check-template-location=false)
2024-04-01T16:34:00.694+08:00  INFO 14312 --- [main] o.s.b.w.embedded.tomcat.TomcatWebServer  : Tomcat started on port 8080 (http) with context path ''
2024-04-01T16:34:00.703+08:00  INFO 14312 --- [main] top.xiufenghuang.MpApplication           : Started MpApplication in 1.551 seconds (process running for 2.145)
2024-04-01T16:34:05.194+08:00  INFO 14312 --- [http-nio-8080-exec-1] o.a.c.c.C.[Tomcat].[localhost].[/]       : Initializing Spring DispatcherServlet 'dispatcherServlet'
2024-04-01T16:34:05.195+08:00  INFO 14312 --- [http-nio-8080-exec-1] o.s.web.servlet.DispatcherServlet        : Initializing Servlet 'dispatcherServlet'
2024-04-01T16:34:05.196+08:00  INFO 14312 --- [http-nio-8080-exec-1] o.s.web.servlet.DispatcherServlet        : Completed initialization in 1 ms
2024-04-01T16:34:05.219+08:00 DEBUG 14312 --- [http-nio-8080-exec-1] t.xiufenghuang.controller.LogController  : debug 日志
2024-04-01T16:35:08.980+08:00  INFO 29308 --- [main] top.xiufenghuang.MpApplication           : Starting MpApplication using Java 17.0.3 with PID 29308 (D:\BaiduNetdiskDownload\spring-boot-study\spring-boot-log\target\classes started by hxf13 in D:\BaiduNetdiskDownload\spring-boot-study)
2024-04-01T16:35:08.983+08:00  INFO 29308 --- [main] top.xiufenghuang.MpApplication           : No active profile set, falling back to 1 default profile: "default"
2024-04-01T16:35:09.885+08:00  INFO 29308 --- [main] o.s.b.w.embedded.tomcat.TomcatWebServer  : Tomcat initialized with port 8080 (http)
2024-04-01T16:35:09.895+08:00  INFO 29308 --- [main] o.apache.catalina.core.StandardService   : Starting service [Tomcat]
2024-04-01T16:35:09.895+08:00  INFO 29308 --- [main] o.apache.catalina.core.StandardEngine    : Starting Servlet engine: [Apache Tomcat/10.1.19]
2024-04-01T16:35:09.948+08:00  INFO 29308 --- [main] o.a.c.c.C.[Tomcat].[localhost].[/]       : Initializing Spring embedded WebApplicationContext
2024-04-01T16:35:09.949+08:00  INFO 29308 --- [main] w.s.c.ServletWebServerApplicationContext : Root WebApplicationContext: initialization completed in 901 ms
2024-04-01T16:35:10.214+08:00  WARN 29308 --- [main] o.s.b.a.f.FreeMarkerAutoConfiguration    : Cannot find template location(s): [classpath:/templates/] (please add some templates, check your FreeMarker configuration, or set spring.freemarker.check-template-location=false)
2024-04-01T16:35:10.249+08:00  INFO 29308 --- [main] o.s.b.w.embedded.tomcat.TomcatWebServer  : Tomcat started on port 8080 (http) with context path ''
2024-04-01T16:35:10.255+08:00  INFO 29308 --- [main] top.xiufenghuang.MpApplication           : Started MpApplication in 1.681 seconds (process running for 2.256)
2024-04-01T16:35:15.636+08:00  INFO 29308 --- [http-nio-8080-exec-1] o.a.c.c.C.[Tomcat].[localhost].[/]       : Initializing Spring DispatcherServlet 'dispatcherServlet'
2024-04-01T16:35:15.636+08:00  INFO 29308 --- [http-nio-8080-exec-1] o.s.web.servlet.DispatcherServlet        : Initializing Servlet 'dispatcherServlet'
2024-04-01T16:35:15.637+08:00  INFO 29308 --- [http-nio-8080-exec-1] o.s.web.servlet.DispatcherServlet        : Completed initialization in 1 ms
2024-04-01T16:35:15.658+08:00 DEBUG 29308 --- [http-nio-8080-exec-1] t.xiufenghuang.controller.LogController  : debug 日志
2024-04-01T16:35:35.561+08:00  INFO 1864 --- [main] top.xiufenghuang.MpApplication           : Starting MpApplication using Java 17.0.3 with PID 1864 (D:\BaiduNetdiskDownload\spring-boot-study\spring-boot-log\target\classes started by hxf13 in D:\BaiduNetdiskDownload\spring-boot-study)
2024-04-01T16:35:35.563+08:00  INFO 1864 --- [main] top.xiufenghuang.MpApplication           : No active profile set, falling back to 1 default profile: "default"
2024-04-01T16:35:36.269+08:00  INFO 1864 --- [main] o.s.b.w.embedded.tomcat.TomcatWebServer  : Tomcat initialized with port 8080 (http)
2024-04-01T16:35:36.278+08:00  INFO 1864 --- [main] o.apache.catalina.core.StandardService   : Starting service [Tomcat]
2024-04-01T16:35:36.278+08:00  INFO 1864 --- [main] o.apache.catalina.core.StandardEngine    : Starting Servlet engine: [Apache Tomcat/10.1.19]
2024-04-01T16:35:36.331+08:00  INFO 1864 --- [main] o.a.c.c.C.[Tomcat].[localhost].[/]       : Initializing Spring embedded WebApplicationContext
2024-04-01T16:35:36.331+08:00  INFO 1864 --- [main] w.s.c.ServletWebServerApplicationContext : Root WebApplicationContext: initialization completed in 727 ms
2024-04-01T16:35:36.612+08:00  WARN 1864 --- [main] o.s.b.a.f.FreeMarkerAutoConfiguration    : Cannot find template location(s): [classpath:/templates/] (please add some templates, check your FreeMarker configuration, or set spring.freemarker.check-template-location=false)
2024-04-01T16:35:36.646+08:00  INFO 1864 --- [main] o.s.b.w.embedded.tomcat.TomcatWebServer  : Tomcat started on port 8080 (http) with context path ''
2024-04-01T16:35:36.653+08:00  INFO 1864 --- [main] top.xiufenghuang.MpApplication           : Started MpApplication in 1.539 seconds (process running for 2.224)
2024-04-01T16:35:38.738+08:00  INFO 1864 --- [http-nio-8080-exec-1] o.a.c.c.C.[Tomcat].[localhost].[/]       : Initializing Spring DispatcherServlet 'dispatcherServlet'
2024-04-01T16:35:38.738+08:00  INFO 1864 --- [http-nio-8080-exec-1] o.s.web.servlet.DispatcherServlet        : Initializing Servlet 'dispatcherServlet'
2024-04-01T16:35:38.739+08:00  INFO 1864 --- [http-nio-8080-exec-1] o.s.web.servlet.DispatcherServlet        : Completed initialization in 1 ms
2024-04-01T16:35:38.758+08:00 DEBUG 1864 --- [http-nio-8080-exec-1] t.xiufenghuang.controller.LogController  : debug 日志
2024-04-01T16:57:52.974+08:00  INFO 17936 --- [main] top.xiufenghuang.MpApplication           : Starting MpApplication using Java 17.0.3 with PID 17936 (D:\BaiduNetdiskDownload\spring-boot-study\spring-boot-log\target\classes started by hxf13 in D:\BaiduNetdiskDownload\spring-boot-study)
2024-04-01T16:57:52.977+08:00  INFO 17936 --- [main] top.xiufenghuang.MpApplication           : No active profile set, falling back to 1 default profile: "default"
2024-04-01T16:57:53.661+08:00  INFO 17936 --- [main] o.s.b.w.embedded.tomcat.TomcatWebServer  : Tomcat initialized with port 8080 (http)
2024-04-01T16:57:53.671+08:00  INFO 17936 --- [main] o.apache.catalina.core.StandardService   : Starting service [Tomcat]
2024-04-01T16:57:53.671+08:00  INFO 17936 --- [main] o.apache.catalina.core.StandardEngine    : Starting Servlet engine: [Apache Tomcat/10.1.19]
2024-04-01T16:57:53.728+08:00  INFO 17936 --- [main] o.a.c.c.C.[Tomcat].[localhost].[/]       : Initializing Spring embedded WebApplicationContext
2024-04-01T16:57:53.728+08:00  INFO 17936 --- [main] w.s.c.ServletWebServerApplicationContext : Root WebApplicationContext: initialization completed in 713 ms
2024-04-01T16:57:54.033+08:00  WARN 17936 --- [main] o.s.b.a.f.FreeMarkerAutoConfiguration    : Cannot find template location(s): [classpath:/templates/] (please add some templates, check your FreeMarker configuration, or set spring.freemarker.check-template-location=false)
2024-04-01T16:57:54.068+08:00  INFO 17936 --- [main] o.s.b.w.embedded.tomcat.TomcatWebServer  : Tomcat started on port 8080 (http) with context path ''
2024-04-01T16:57:54.074+08:00  INFO 17936 --- [main] top.xiufenghuang.MpApplication           : Started MpApplication in 1.581 seconds (process running for 2.197)
2024-04-01T16:57:57.939+08:00  INFO 17936 --- [http-nio-8080-exec-1] o.a.c.c.C.[Tomcat].[localhost].[/]       : Initializing Spring DispatcherServlet 'dispatcherServlet'
2024-04-01T16:57:57.939+08:00  INFO 17936 --- [http-nio-8080-exec-1] o.s.web.servlet.DispatcherServlet        : Initializing Servlet 'dispatcherServlet'
2024-04-01T16:57:57.941+08:00  INFO 17936 --- [http-nio-8080-exec-1] o.s.web.servlet.DispatcherServlet        : Completed initialization in 1 ms
2024-04-01T16:57:57.963+08:00 DEBUG 17936 --- [http-nio-8080-exec-1] t.xiufenghuang.controller.LogController  : debug 日志
2024-04-01T16:58:01.331+08:00 DEBUG 17936 --- [http-nio-8080-exec-2] t.xiufenghuang.controller.LogController  : debug 日志
2024-04-01T18:02:51.263+08:00  INFO 2856 --- [main] top.xiufenghuang.MpApplication           : Starting MpApplication using Java 17.0.3 with PID 2856 (D:\BaiduNetdiskDownload\spring-boot-study\spring-boot-log\target\classes started by hxf13 in D:\BaiduNetdiskDownload\spring-boot-study)
2024-04-01T18:02:51.266+08:00  INFO 2856 --- [main] top.xiufenghuang.MpApplication           : No active profile set, falling back to 1 default profile: "default"
2024-04-01T18:02:51.954+08:00  INFO 2856 --- [main] o.s.b.w.embedded.tomcat.TomcatWebServer  : Tomcat initialized with port 8080 (http)
2024-04-01T18:02:51.964+08:00  INFO 2856 --- [main] o.apache.catalina.core.StandardService   : Starting service [Tomcat]
2024-04-01T18:02:51.965+08:00  INFO 2856 --- [main] o.apache.catalina.core.StandardEngine    : Starting Servlet engine: [Apache Tomcat/10.1.19]
2024-04-01T18:02:52.028+08:00  INFO 2856 --- [main] o.a.c.c.C.[Tomcat].[localhost].[/]       : Initializing Spring embedded WebApplicationContext
2024-04-01T18:02:52.029+08:00  INFO 2856 --- [main] w.s.c.ServletWebServerApplicationContext : Root WebApplicationContext: initialization completed in 714 ms
2024-04-01T18:02:52.291+08:00  WARN 2856 --- [main] o.s.b.a.f.FreeMarkerAutoConfiguration    : Cannot find template location(s): [classpath:/templates/] (please add some templates, check your FreeMarker configuration, or set spring.freemarker.check-template-location=false)
2024-04-01T18:02:52.325+08:00  INFO 2856 --- [main] o.s.b.w.embedded.tomcat.TomcatWebServer  : Tomcat started on port 8080 (http) with context path ''
2024-04-01T18:02:52.331+08:00  INFO 2856 --- [main] top.xiufenghuang.MpApplication           : Started MpApplication in 1.465 seconds (process running for 2.065)
2024-04-01T18:03:00.378+08:00  INFO 2856 --- [http-nio-8080-exec-1] o.a.c.c.C.[Tomcat].[localhost].[/]       : Initializing Spring DispatcherServlet 'dispatcherServlet'
2024-04-01T18:03:00.378+08:00  INFO 2856 --- [http-nio-8080-exec-1] o.s.web.servlet.DispatcherServlet        : Initializing Servlet 'dispatcherServlet'
2024-04-01T18:03:00.379+08:00  INFO 2856 --- [http-nio-8080-exec-1] o.s.web.servlet.DispatcherServlet        : Completed initialization in 0 ms
2024-04-01T18:03:00.399+08:00 DEBUG 2856 --- [http-nio-8080-exec-1] t.xiufenghuang.controller.LogController  : debug 日志
